8
35
53
54
171
63
80
81
33
34
82
59
88
188
143
144
98
105
74
75
189
13
107
108
37
175
176
174
93
196
198
23
126
197
15
73
69
5
40
51
102
152
151
41
68
86
91
101
46
47
50
110
77
185
113
29
149
19
62
147
45
154
116
117
134
142
44
146
163
145
139
90
164
193
16
52
123
169
170
56
14
135
194
42
6
22
24
60
129
30
125
55
36
31
138
160
66
25
85
115
141
112
72
78
103
133
43
166
173
136
106
183
186
38
61
100
190
150
99
137
70
181
182
180
10
119
120
127
128
178
168
179
64
140
167
184
87
161
177
132
89
114
9
199
165
156
94
192
195
76
92
71
159
84
162
20
97
49
187
67
131
148
79
158
65
83
118
191
111
21
27
39
4
130
172
153
58
32
26
109
96
7
1
2
104
48
3
124
122
57
28
200
121
155
18
17
12
95
157
11
