10
11
12
13
14
179
100
137
87
112
23
29
176
141
152
25
68
59
71
72
60
119
127
108
88
36
42
166
34
63
120
91
76
39
167
165
157
104
110
47
85
149
19
46
126
24
77
145
107
92
44
131
16
99
69
144
38
28
148
79
109
134
150
37
162
115
67
101
103
31
45
58
17
81
56
70
130
114
50
64
22
35
139
116
169
33
171
93
80
96
124
111
30
129
61
172
41
173
52
125
55
18
156
54
83
15
113
53
82
178
170
74
140
57
146
154
65
78
158
26
118
133
62
97
73
147
121
128
20
106
153
163
84
48
155
151
102
160
174
75
175
117
40
95
138
21
164
132
27
89
135
123
136
66
159
105
86
51
143
43
168
122
90
32
94
177
142
200
199
198
197
196
195
194
193
192
191
190
189
188
187
186
98
185
184
183
182
181
180
9
8
7
6
5
4
3
2
1
161
49
