71
6
159
167
126
191
148
103
68
147
73
86
175
113
143
100
178
85
53
101
155
93
118
99
14
80
75
81
172
163
141
111
25
151
8
2
169
200
16
84
48
145
146
5
17
162
192
164
43
119
110
156
195
152
140
189
117
134
115
130
52
88
27
182
170
54
26
138
23
92
176
46
58
154
196
11
72
197
10
184
82
42
20
153
79
18
193
63
183
50
33
158
55
57
94
40
89
160
144
61
180
69
102
142
76
36
19
9
149
171
65
78
121
116
132
190
30
129
122
95
41
24
120
15
3
4
90
12
109
60
179
135
64
168
32
194
185
34
97
104
174
77
45
124
59
49
83
13
125
105
127
198
131
161
35
166
31
51
177
70
62
7
47
29
173
128
133
181
136
56
123
74
67
150
114
37
107
188
96
157
28
108
165
39
44
106
137
187
199
22
139
112
38
