7
73
124
148
31
38
96
166
184
12
93
109
187
176
35
132
149
117
2
39
41
48
139
25
158
57
64
97
110
16
118
169
32
164
14
43
130
71
78
84
67
80
114
89
28
151
29
185
171
174
23
27
72
26
37
161
40
157
59
21
88
129
145
183
33
56
136
180
8
47
69
121
60
106
181
182
42
134
150
83
116
179
11
24
160
44
70
85
100
1
30
87
152
18
65
66
112
45
51
86
155
104
20
91
79
113
122
13
111
142
98
135
5
154
156
131
90
167
186
34
137
74
99
9
95
77
52
61
36
54
94
125
168
4
55
81
62
75
163
108
165
102
76
107
133
63
58
92
127
140
53
46
141
153
128
120
82
115
19
146
126
103
49
175
159
162
