94
155
117
91
8
85
102
131
168
128
106
71
123
68
134
37
45
88
198
54
116
4
20
132
110
147
182
185
28
42
49
83
18
32
64
196
105
135
138
188
154
126
151
78
171
125
2
144
157
15
148
25
161
40
137
70
114
63
9
50
122
187
112
142
33
97
26
175
52
6
81
165
77
92
186
133
193
89
57
189
181
11
35
158
103
176
149
59
90
82
76
118
108
156
124
107
177
30
113
60
56
61
95
180
80
86
167
153
184
183
152
121
53
21
130
46
159
127
179
100
44
22
16
34
173
93
47
162
58
99
74
7
39
141
12
87
200
48
115
31
170
51
24
10
13
23
163
67
111
140
145
191
27
101
197
36
65
66
172
14
62
79
199
17
120
143
194
166
5
43
19
136
41
146
192
29
195
190
160
178
1
174
104
38
164
169
3
84
129
