101
111
62
88
33
130
5
9
38
86
152
72
54
105
95
37
45
179
193
12
125
119
28
17
140
14
21
198
153
69
43
42
41
78
7
84
131
34
122
170
171
56
63
58
195
166
156
137
76
188
191
181
94
68
50
32
110
112
115
113
1
30
132
52
196
163
60
146
160
144
124
164
189
199
85
81
147
178
141
89
161
118
70
46
100
96
157
91
129
24
92
71
2
53
175
117
120
22
35
29
77
99
145
15
23
167
174
148
97
135
149
136
48
98
127
128
114
139
183
192
11
65
142
194
82
143
184
83
116
49
155
64
90
10
79
73
168
102
154
18
47
31
26
67
169
59
106
61
109
162
190
182
159
3
8
133
87
200
134
177
4
75
165
57
173
27
39
74
186
187
44
185
55
19
