162
90
83
85
107
167
14
158
146
55
116
9
84
39
82
95
136
73
62
173
58
4
177
176
33
44
63
113
18
47
108
69
115
184
142
61
175
99
186
182
123
64
45
132
88
48
105
101
135
160
28
194
6
7
153
130
53
80
161
192
23
40
163
98
13
165
197
141
50
42
10
106
109
16
96
154
76
137
149
2
102
31
26
189
156
195
93
34
199
52
49
128
144
56
43
120
25
168
119
79
157
147
35
22
121
29
129
198
104
185
21
103
86
30
174
87
196
97
46
127
145
180
164
126
125
155
117
65
38
143
193
92
71
188
171
24
150
114
70
78
91
172
140
77
60
166
81
118
183
12
187
152
51
11
110
94
112
134
178
190
1
159
148
75
27
66
191
67
151
170
20
89
17
68
131
54
111
169
32
8
41
19
15
122
200
57
74
72
100
181
133
124
5
179
36
37
139
138
3
59
