98
136
116
63
20
197
51
162
89
58
122
68
10
64
125
143
25
29
80
21
194
37
39
134
52
100
33
96
166
87
46
120
94
195
88
148
151
41
129
40
183
191
198
48
22
31
118
126
107
142
34
24
124
57
43
155
189
113
137
163
192
188
86
35
186
16
53
135
108
199
28
81
95
112
190
91
174
17
62
168
196
18
77
187
78
127
71
50
182
154
185
36
49
128
105
158
4
157
115
70
27
114
184
84
55
177
130
180
93
73
144
139
178
67
3
8
146
175
75
101
23
160
1
169
83
165
2
173
61
141
69
153
119
193
72
66
176
159
121
92
59
76
109
138
