132
165
65
66
179
18
39
166
169
14
122
184
174
4
106
16
20
25
104
93
167
185
43
102
27
198
131
152
112
26
61
1
21
127
145
90
29
91
143
109
7
9
111
149
71
116
78
159
100
15
115
55
58
130
164
135
51
75
136
41
188
56
178
11
139
141
108
31
133
2
123
142
99
124
49
35
151
84
12
161
175
186
191
195
23
24
96
137
34
17
97
146
193
10
45
121
119
33
144
176
98
79
40
157
73
126
28
64
32
94
177
53
74
36
190
6
86
85
171
163
60
140
88
199
82
72
37
89
44
173
117
170
129
69
46
76
189
148
181
68
168
154
155
118
125
187
197
194
19
156
192
183
13
67
3
83
114
22
147
54
70
