146
132
174
102
112
186
99
98
35
158
28
191
97
120
69
94
182
77
53
188
4
149
105
86
83
151
189
44
136
96
37
198
48
18
67
85
106
87
180
22
26
8
121
104
176
95
162
50
194
138
70
109
3
177
163
179
107
195
56
131
142
78
63
150
154
135
32
38
17
58
90
164
68
152
54
15
61
185
156
75
76
140
71
145
57
25
196
147
64
187
143
139
20
160
33
7
197
125
144
14
169
5
116
81
59
157
2
184
93
21
16
113
73
88
126
172
170
43
92
12
183
9
159
6
110
10
168
46
115
141
101
11
30
91
19
1
190
130
66
34
193
36
52
166
27
40
173
80
111
79
153
74
171
47
148
128
124
175
103
42
51
123
