112
23
31
182
165
189
120
152
198
164
5
175
181
58
180
10
8
140
111
157
169
161
85
52
74
150
196
102
64
88
62
131
66
22
67
71
73
54
14
105
92
190
26
115
95
159
177
9
50
127
4
87
110
78
187
162
60
108
15
7
41
61
172
166
90
128
107
160
142
148
59
138
12
178
179
63
21
13
70
77
96
38
51
53
153
80
45
126
141
114
86
2
68
56
170
84
19
167
133
134
93
154
193
83
47
109
35
191
91
20
97
28
145
139
144
98
122
125
195
146
163
103
136
36
104
124
57
82
130
1
25
44
89
149
76
16
65
158
46
151
6
48
33
176
194
188
79
197
192
171
75
185
117
116
147
24
43
123
101
100
118
49
94
186
143
27
32
135
17
42
3
34
119
106
184
18
30
40
199
55
174
72
69
39
99
168
183
11
132
81
129
37
155
156
173
113
121
29
137
