122
125
164
187
5
146
21
75
57
36
91
16
138
43
23
85
79
163
27
171
160
29
135
58
111
4
60
49
195
126
120
137
196
162
8
56
22
158
53
167
46
61
13
34
2
39
45
104
178
190
181
175
92
172
71
148
114
9
184
145
28
88
35
48
47
66
40
50
41
134
76
169
73
110
3
124
127
87
65
197
189
98
174
157
24
69
7
161
108
90
183
173
180
68
70
140
176
131
179
200
121
186
62
150
109
64
118
81
59
78
38
154
132
143
141
67
10
191
112
15
11
26
136
102
185
130
153
177
113
99
103
144
63
1
95
182
152
117
94
96
97
86
168
74
54
6
44
18
17
19
37
139
116
20
12
100
128
165
123
155
166
32
198
33
199
31
151
133
