168
178
48
98
44
155
23
7
156
65
77
150
10
26
83
176
13
108
149
17
91
35
27
160
184
106
89
148
186
5
15
92
159
63
105
73
133
53
197
177
4
86
162
170
190
179
142
97
193
114
117
52
181
157
8
61
165
129
104
39
66
75
1
56
131
12
6
119
130
111
40
158
139
95
134
11
152
54
43
22
126
45
64
140
175
28
79
85
58
46
102
196
62
21
55
182
195
84
137
93
153
189
87
120
180
59
78
47
145
30
141
132
112
20
96
138
99
121
185
33
187
2
124
9
50
125
173
113
34
94
135
76
16
154
174
90
151
199
188
32
144
42
110
167
38
82
116
161
14
41
100
172
74
164
72
163
107
68
169
60
24
183
70
29
103
80
146
147
198
25
171
123
81
71
57
69
136
109
3
19
143
49
88
200
51
122
191
67
127
192
166
31
101
115
194
18
37
36
118
128
