151
103
41
88
129
192
168
28
53
73
134
14
74
141
153
164
67
189
191
58
132
130
52
186
25
165
22
120
108
6
95
100
101
166
60
139
15
174
159
196
91
9
21
170
154
111
33
140
125
84
19
78
82
167
99
178
96
161
104
172
116
79
179
20
59
135
85
146
37
70
149
46
114
75
27
142
194
5
150
144
98
35
112
54
158
177
68
63
23
127
38
45
18
11
8
83
49
195
24
175
90
131
93
143
155
162
39
188
77
197
76
173
110
184
136
137
64
182
87
169
128
190
30
138
105
16
122
65
48
176
55
81
3
119
7
31
94
92
160
44
171
199
121
123
109
66
147
126
102
163
13
43
133
97
106
152
156
193
115
117
50
113
4
89
86
57
2
180
56
34
118
69
36
198
72
148
40
80
12
183
47
71
187
62
1
200
29
145
51
185
157
124
26
61
32
181
10
17
42
107
