81
190
137
188
106
160
55
49
191
162
92
51
102
3
52
86
40
192
172
120
19
58
71
109
108
199
198
28
69
139
30
141
167
197
140
113
59
152
121
31
93
18
2
166
101
195
83
119
27
21
62
61
104
23
75
26
105
17
132
170
84
177
72
44
110
149
79
11
63
42
131
112
147
82
46
97
96
127
173
189
34
65
99
136
76
156
37
155
57
33
133
89
9
125
145
116
73
135
183
24
134
98
187
43
66
4
36
15
143
184
178
161
130
100
41
13
80
39
38
90
171
70
6
91
128
115
185
77
193
176
180
122
8
60
103
194
48
67
114
124
54
164
74
45
5
159
151
94
126
14
179
64
1
78
157
47
20
53
87
22
196
158
154
182
144
148
168
174
200
88
35
153
150
163
10
117
