130
13
75
92
7
34
177
19
137
169
79
66
96
31
122
144
143
175
146
29
166
170
49
17
132
110
134
141
70
119
182
23
51
27
117
39
108
86
84
118
82
163
193
59
186
159
115
152
99
77
47
176
64
171
18
5
97
32
111
61
9
149
142
157
103
40
78
12
52
179
136
87
155
58
113
180
173
189
194
150
191
50
94
105
140
2
41
28
178
42
100
184
139
76
43
198
145
148
54
172
4
120
160
35
174
60
107
69
56
1
188
187
90
156
88
80
197
133
183
135
190
62
147
101
89
63
112
196
16
6
71
165
15
46
55
102
67
91
181
127
24
192
106
26
199
20
85
74
114
37
3
38
22
126
168
124
83
164
72
68
158
45
153
116
57
98
138
73
93
123
125
53
151
128
200
11
36
