107
198
199
200
164
40
51
168
148
4
55
94
157
171
72
20
17
194
174
160
89
140
13
68
106
92
131
28
61
138
153
70
177
188
183
161
150
165
54
192
114
65
44
152
167
81
74
14
144
91
73
31
21
180
84
79
170
156
129
109
53
118
132
108
62
184
147
12
95
172
86
115
99
178
2
45
9
47
8
133
49
98
169
185
124
111
179
76
69
48
186
103
97
173
58
60
101
57
130
11
25
71
143
77
126
41
64
33
136
56
155
163
141
190
175
10
52
80
82
151
90
19
193
46
122
35
119
162
135
128
145
120
142
158
105
30
134
100
3
36
182
6
18
176
75
38
195
187
166
23
83
42
121
104
146
159
149
7
117
29
127
139
96
67
197
113
87
102
112
116
196
5
24
1
26
181
85
34
37
59
15
32
78
39
63
191
154
189
123
27
93
137
50
125
66
88
16
43
110
22
