97
122
93
99
126
137
16
108
4
127
112
57
103
189
192
11
194
186
10
86
5
166
180
135
71
102
12
178
67
125
62
85
56
78
119
143
165
82
30
185
111
25
64
24
81
26
172
84
95
6
152
59
129
76
73
7
132
184
28
179
53
187
43
182
168
47
195
154
159
153
92
19
149
88
145
162
161
96
114
167
191
50
79
123
75
21
2
34
188
42
14
160
37
77
155
83
1
69
110
156
148
176
139
118
52
181
171
40
8
9
48
45
55
116
133
158
80
142
101
66
87
31
169
128
113
63
131
22
98
147
150
175
51
3
100
89
54
20
38
134
173
138
94
61
130
32
183
163
27
170
121
74
29
44
90
136
115
193
49
105
157
33
120
46
177
41
107
36
68
190
151
17
124
60
39
91
140
196
164
109
15
58
72
141
70
117
174
146
35
65
144
106
104
13
18
23
199
197
198
200
