94
100
107
130
183
91
158
42
47
51
53
61
129
111
124
25
175
182
43
113
35
65
99
149
172
181
80
141
1
116
27
44
46
9
134
145
133
77
112
12
151
117
125
163
63
21
97
82
81
29
121
177
31
90
167
93
127
88
85
184
57
69
86
115
36
146
171
45
166
74
22
180
153
140
132
165
89
64
106
49
98
122
50
84
103
142
24
135
38
54
30
75
19
5
11
139
143
59
161
87
7
8
68
114
157
144
52
126
150
152
162
95
28
62
33
70
128
73
160
66
40
156
138
136
110
137
48
147
20
13
108
32
131
34
72
83
109
92
178
37
10
118
155
41
120
78
58
119
164
104
17
101
105
15
170
173
16
23
168
123
2
148
18
60
56
179
