70
99
24
61
145
22
65
69
58
80
114
26
45
77
109
29
71
198
82
16
127
12
75
23
46
27
30
38
72
93
73
78
6
37
40
94
142
31
66
49
155
39
67
139
19
20
86
119
7
32
131
163
160
63
18
130
9
83
150
17
87
118
138
62
186
28
178
97
42
146
166
44
96
43
92
56
14
141
140
21
25
74
200
68
143
55
132
184
76
34
79
64
2
176
169
54
13
154
181
199
103
81
159
177
11
193
59
149
41
57
110
164
167
33
8
129
108
5
50
123
151
104
1
88
51
53
90
116
195
158
95
122
98
4
52
101
105
85
185
153
137
171
124
107
197
183
128
60
194
35
175
190
172
133
