61
71
162
46
85
172
15
28
74
138
152
171
196
47
12
44
5
60
94
116
127
153
167
188
53
56
131
48
185
76
103
143
199
36
197
18
148
177
20
165
175
68
78
109
154
176
156
123
125
81
37
87
88
168
194
198
119
163
178
26
186
17
189
4
184
51
83
39
133
193
69
106
41
43
35
166
195
13
134
121
160
38
92
40
8
29
31
65
179
1
146
98
173
77
11
149
102
180
6
62
105
126
155
190
161
27
104
132
159
142
19
32
108
128
191
101
144
187
57
192
22
73
10
16
147
129
122
9
139
110
114
137
95
115
93
34
158
72
82
100
7
55
135
140
3
107
181
64
150
75
89
14
42
33
170
54
145
157
182
141
70
