71
7
141
52
11
186
164
72
99
54
6
144
49
95
183
13
76
93
51
98
135
128
152
153
91
198
117
41
20
59
2
127
61
136
82
173
185
133
55
56
87
21
62
31
189
167
137
159
47
73
107
192
126
134
29
188
25
12
89
174
65
111
148
181
120
157
143
129
100
64
30
108
146
106
28
90
154
15
17
37
26
58
168
27
16
191
53
24
165
86
103
180
68
57
88
125
97
190
63
19
187
43
66
162
179
177
194
60
113
85
184
81
139
34
158
14
69
123
109
110
35
172
104
118
131
22
38
4
105
50
92
114
166
46
33
170
48
9
115
132
119
44
32
122
169
124
18
5
145
75
121
96
67
149
176
193
79
1
175
23
