65
92
149
150
103
79
151
15
35
75
131
11
144
16
42
78
138
123
62
120
28
59
4
49
104
54
63
5
18
68
88
81
94
145
61
93
109
84
77
96
128
40
50
89
36
133
13
156
8
112
30
52
130
3
124
20
37
117
90
114
23
29
154
97
126
139
80
64
125
38
137
17
60
31
14
141
153
9
41
107
27
134
7
121
152
155
116
48
110
66
71
136
47
2
44
132
127
142
146
111
26
106
108
74
45
98
113
115
119
148
102
22
43
100
39
85
87
51
57
122
32
118
1
21
83
12
34
25
67
91
99
135
33
143
58
10
101
105
82
6
46
19
147
129
95
56
72
76
86
55
140
73
69
24
53
70
157
