188
110
142
71
198
181
143
197
74
151
87
55
186
115
177
132
169
19
145
15
33
182
5
17
97
199
140
7
117
76
113
12
51
130
3
146
126
35
72
123
60
66
187
200
119
100
133
98
105
43
175
144
68
92
149
44
164
170
73
180
154
129
93
107
6
46
185
173
174
112
127
156
162
91
61
54
8
128
184
196
67
13
108
30
84
168
85
189
157
104
190
80
192
118
57
116
165
141
24
18
96
114
42
36
48
166
160
103
111
94
78
161
40
172
83
102
65
14
88
4
20
34
11
2
22
171
26
28
153
152
150
31
148
27
109
95
194
37
56
183
79
176
49
178
64
191
138
45
9
159
136
59
41
70
163
25
86
23
99
52
10
158
53
125
89
193
39
122
21
139
82
134
135
75
121
106
1
77
29
195
167
50
131
81
32
38
69
124
47
101
16
63
90
137
147
58
155
62
179
120
