70
100
115
129
145
190
47
143
171
177
186
44
104
136
86
119
166
174
11
163
83
63
124
144
74
123
157
82
49
195
37
97
118
109
196
13
19
52
117
141
95
200
58
159
43
96
9
175
39
164
42
152
6
15
25
154
188
54
77
60
126
108
160
62
84
138
147
103
134
91
33
107
169
10
69
140
3
158
30
36
167
184
4
94
38
128
168
14
53
181
198
28
34
59
114
24
98
122
185
7
73
120
16
130
132
66
68
79
194
173
192
170
32
162
93
111
112
176
182
189
75
135
99
105
146
18
150
148
183
85
87
23
67
179
41
40
8
51
72
197
161
180
106
78
125
187
191
29
65
142
151
102
71
64
55
156
110
137
22
2
20
153
35
88
56
89
199
5
46
12
155
61
133
127
48
26
193
116
17
81
139
90
113
50
178
131
92
31
45
80
21
149
57
101
