187
148
173
131
62
142
91
86
105
115
157
104
169
113
84
188
110
12
99
53
42
186
40
171
38
5
176
23
69
16
150
73
196
46
97
199
179
121
14
191
59
103
64
193
8
117
33
151
45
49
136
172
26
47
134
116
57
159
166
41
76
126
141
22
70
137
140
79
2
94
143
102
37
19
65
60
75
90
163
58
32
89
146
197
160
18
61
34
29
72
21
63
128
167
155
145
170
198
178
158
133
132
124
30
182
17
31
174
36
122
118
139
152
181
125
154
175
189
107
54
82
51
3
177
1
35
24
92
135
109
87
114
153
43
162
165
184
66
93
4
68
156
180
95
20
