147
60
1
99
189
193
12
8
91
52
59
106
114
149
197
177
122
184
141
103
97
198
22
76
53
49
5
18
117
36
2
56
25
33
81
100
170
181
6
123
196
96
68
146
171
90
64
4
164
46
61
50
161
163
135
137
186
21
107
157
79
110
185
160
132
128
73
24
183
94
159
82
187
129
143
30
113
92
20
69
51
101
153
188
48
194
19
74
139
28
34
93
14
78
54
140
16
148
42
75
116
173
152
155
35
47
142
7
70
121
191
72
37
145
120
88
180
13
124
80
98
138
126
175
29
17
43
111
104
3
26
131
115
200
11
167
127
118
84
166
199
40
179
154
65
130
31
136
172
63
57
39
168
105
144
45
178
