180
75
3
12
113
176
50
62
45
41
56
146
66
46
111
40
101
105
151
74
35
177
186
28
73
17
135
37
86
149
141
11
184
169
79
155
197
10
7
115
4
32
185
59
65
144
87
63
83
6
94
21
140
44
91
25
199
103
153
60
18
19
187
152
8
95
166
64
198
55
108
109
182
157
88
138
20
24
84
53
172
30
148
165
167
72
118
150
57
173
51
36
23
69
196
170
16
47
26
136
191
98
168
48
132
145
97
76
1
195
9
38
99
112
124
29
126
70
93
139
27
42
120
43
183
107
52
90
181
71
121
82
117
122
34
39
171
160
189
78
22
188
68
129
142
134
80
123
175
192
81
193
14
67
92
31
143
200
77
130
179
158
