29
186
195
99
25
49
70
113
107
114
93
94
115
161
17
112
133
8
10
19
31
44
110
187
16
54
56
97
130
171
24
36
52
63
102
178
9
88
104
131
144
191
2
62
100
118
121
126
132
164
189
66
68
69
81
89
91
106
149
152
173
28
59
77
83
116
122
182
188
198
35
41
85
92
103
123
127
148
180
79
84
105
129
160
165
174
177
194
33
45
61
117
146
147
151
200
3
14
78
90
162
169
175
12
48
64
80
172
4
15
46
111
156
43
53
134
150
176
125
181
34
67
6
140
157
166
170
87
197
55
20
141
159
58
154
135
101
138
11
86
192
60
47
27
137
167
