1
2
3
4
5
6
7
8
9
10
11
12
13
14
15
16
17
18
19
20
21
22
23
24
25
26
98
97
96
95
99
100
101
102
103
104
105
106
107
108
109
110
111
112
113
114
115
116
117
118
119
120
121
122
123
124
125
94
91
93
135
134
133
132
131
126
130
129
128
141
142
143
144
145
146
147
148
149
150
151
152
153
154
155
156
157
158
159
160
127
92
136
137
138
139
140
27
28
29
30
31
32
33
34
35
36
37
38
39
40
41
42
43
44
45
46
47
48
49
50
51
52
53
54
55
56
57
58
59
60
61
62
63
64
65
66
67
68
79
90
89
88
87
86
85
84
83
82
81
80
78
77
76
75
74
73
72
71
