52
183
62
133
14
124
85
115
105
74
78
8
18
126
182
171
17
37
173
98
101
102
132
147
71
128
161
145
155
33
44
138
146
179
65
165
177
15
55
166
185
157
10
19
21
76
89
58
184
28
34
54
158
60
64
174
13
70
109
148
181
45
167
6
91
151
25
112
79
88
80
178
75
30
118
122
153
168
94
169
2
11
135
26
48
95
110
172
97
99
160
104
22
57
66
5
113
100
154
84
63
156
67
82
119
24
186
27
50
72
129
180
32
187
12
103
59
90
20
114
51
56
127
136
9
107
142
68
144
41
61
46
87
134
38
92
96
116
140
176
4
36
106
117
125
47
137
149
31
3
93
23
73
83
164
16
162
120
123
39
108
175
150
159
7
43
