80
152
30
43
57
180
131
134
27
79
73
196
44
140
143
193
179
47
151
91
21
45
62
98
14
106
176
125
116
138
144
178
96
60
23
130
124
25
52
103
194
119
175
137
22
155
15
109
8
66
64
12
39
13
71
160
169
183
24
101
104
75
110
95
153
92
100
86
133
177
37
114
174
1
172
145
99
148
72
32
166
41
188
48
132
49
78
51
53
85
192
105
31
102
68
136
113
154
164
191
163
89
162
94
59
2
19
46
58
74
81
97
55
82
20
189
17
7
65
146
126
142
90
112
87
141
35
4
11
28
170
186
123
181
38
200
135
3
36
111
69
84
50
34
16
197
29
10
157
