7
117
116
34
110
38
37
114
200
199
112
113
173
111
175
174
115
109
118
120
178
122
179
176
119
177
36
121
123
39
42
41
35
40
183
191
56
57
50
182
45
181
48
188
190
194
196
49
186
55
197
53
47
185
59
187
180
192
58
143
131
125
54
148
124
132
151
152
193
130
133
189
142
195
52
137
135
184
136
145
147
128
139
51
138
127
146
144
126
149
129
141
150
134
140
60
97
91
68
86
87
155
171
166
93
80
84
81
160
102
198
70
157
159
61
170
98
99
77
153
92
162
163
161
85
169
101
78
89
106
94
100
90
158
63
83
72
64
69
76
67
104
66
172
65
165
82
105
154
167
103
79
88
107
75
96
74
168
156
71
164
95
62
108
73
46
43
44
6
9
10
11
5
8
1
3
4
2
25
24
33
32
31
22
23
30
29
20
27
21
19
28
18
26
17
15
16
14
13
12
