139
132
55
112
15
86
60
11
130
113
83
158
137
170
149
51
42
100
97
175
28
61
90
63
177
192
154
140
190
65
127
145
3
163
82
74
66
121
53
128
2
35
47
155
79
93
73
46
124
37
80
41
31
105
104
69
24
161
147
27
78
168
13
129
92
52
159
131
119
187
72
30
169
84
138
103
125
180
36
77
8
110
57
142
160
26
102
4
22
43
40
6
23
62
7
48
108
146
32
143
156
95
172
89
165
122
18
44
64
178
151
59
9
116
111
50
34
184
94
81
20
148
14
181
54
167
152
176
164
85
189
135
17
150
58
1
38
188
133
183
123
120
182
21
118
106
162
29
144
12
56
109
39
166
33
10
157
114
194
153
88
174
107
186
70
99
126
16
71
49
179
117
101
5
75
173
76
45
68
171
25
193
96
98
195
134
19
115
185
136
67
87
191
91
141
