178
2
71
79
161
67
7
110
95
38
74
147
115
109
61
16
17
119
41
159
54
143
43
6
134
26
33
72
144
86
47
32
39
34
35
10
37
158
96
25
8
78
23
64
55
93
19
31
102
50
111
52
53
170
45
5
84
58
13
135
9
131
173
44
65
99
20
127
129
92
105
97
60
73
77
162
163
151
21
150
148
59
112
176
85
30
3
88
107
22
132
15
11
94
75
81
113
62
114
100
101
175
14
42
28
49
27
108
18
90
116
83
136
91
118
66
117
146
130
120
121
122
36
123
125
24
4
128
69
126
180
82
137
40
153
106
56
1
139
140
141
149
156
51
168
29
164
76
142
171
154
152
177
160
155
70
157
104
89
138
103
124
98
12
174
166
80
145
169
68
63
172
133
165
87
167
57
48
46
179
