1
152
3
105
195
132
7
8
200
137
168
29
13
14
194
102
17
170
19
20
21
143
23
107
25
26
27
36
69
30
31
64
33
198
35
130
37
38
39
40
90
42
133
182
63
61
160
155
49
50
51
52
174
54
55
82
57
58
59
60
46
62
97
32
65
134
67
68
4
70
71
138
73
192
75
41
80
78
161
77
81
85
83
84
56
92
87
88
89
124
91
86
93
94
95
96
45
18
99
100
101
16
103
104
12
106
28
113
151
171
111
112
108
185
115
79
117
118
119
10
121
123
141
163
125
126
11
128
129
24
131
177
43
183
135
136
191
98
139
140
149
142
189
144
159
146
147
184
122
150
109
2
153
154
120
156
157
72
193
47
116
162
76
164
165
44
167
22
169
187
110
172
173
53
175
176
6
178
179
180
181
158
66
148
114
186
166
188
127
190
48
74
145
15
5
196
197
34
199
9
