81
55
63
167
195
62
47
90
72
58
180
1
135
16
80
157
92
69
77
144
179
91
186
42
109
70
153
82
108
89
181
3
127
126
9
176
200
14
170
117
84
199
162
194
7
49
45
28
23
160
13
165
190
182
118
189
39
154
15
18
111
145
156
66
159
94
119
65
26
44
68
52
19
36
140
139
86
17
2
97
5
185
172
24
164
35
125
107
197
79
61
175
146
152
130
33
54
151
137
96
103
184
11
102
27
100
106
138
198
6
113
131
32
101
53
50
141
40
191
56
116
99
21
192
71
169
37
29
67
124
133
150
85
128
59
168
57
31
93
75
87
46
173
25
60
115
73
163
149
38
122
112
183
4
48
41
12
10
129
155
114
110
134
143
88
121
64
8
171
104
95
187
132
105
193
83
20
178
43
123
136
34
147
30
51
188
177
98
161
166
174
196
142
22
158
148
74
76
78
120
