4
191
10
28
40
49
108
55
57
60
65
69
72
6
177
103
44
29
126
130
131
146
149
128
151
153
156
157
158
161
163
164
171
176
179
189
17
79
2
101
9
16
87
129
26
36
37
38
95
43
45
47
110
70
74
150
81
174
85
22
182
89
139
112
107
111
116
120
124
77
127
135
137
155
52
162
169
51
180
181
76
187
188
190
136
195
1
7
66
13
15
32
24
53
54
62
64
67
73
78
90
5
104
115
117
118
121
122
194
142
170
173
56
34
186
199
82
11
18
19
20
141
27
30
31
33
35
41
42
98
172
83
178
61
12
175
71
193
84
88
91
100
109
39
134
25
132
133
138
93
140
143
145
154
160
166
167
68
184
198
8
14
192
21
23
125
58
48
59
63
75
80
3
92
94
96
46
99
102
105
106
159
113
114
119
123
86
144
147
148
152
165
168
50
97
183
185
196
197
200
