4
6
10
28
40
49
52
55
57
60
65
69
72
76
97
105
110
125
126
130
131
146
149
150
151
153
156
157
158
161
163
164
171
176
179
189
192
193
2
5
9
16
24
25
26
36
37
38
39
43
45
47
58
70
74
77
81
83
85
86
87
89
93
95
107
111
116
120
124
128
134
135
137
155
159
162
169
174
180
181
184
187
188
190
194
195
1
7
12
13
15
32
34
53
54
62
64
67
73
78
90
101
104
115
117
118
121
122
136
142
170
173
178
182
186
199
3
11
18
19
20
22
27
30
31
33
35
41
42
46
50
51
56
61
66
68
71
79
84
88
91
100
109
112
127
129
132
133
138
139
140
143
145
154
160
166
167
175
191
198
8
14
17
21
23
29
44
48
59
63
75
80
82
92
94
96
98
99
102
103
106
108
113
114
119
123
141
144
147
148
152
165
168
172
177
183
185
196
197
200
