200
199
198
197
196
195
194
193
192
191
190
189
188
187
185
184
183
182
181
179
178
177
176
175
174
173
170
169
167
166
164
163
162
158
157
156
155
154
152
151
150
148
145
144
142
141
139
138
137
136
135
134
132
130
128
126
125
124
123
122
121
120
117
116
114
113
112
111
108
106
105
104
101
100
99
98
97
95
94
92
90
89
86
85
84
83
81
79
78
77
76
75
74
73
72
71
70
69
66
65
64
62
61
60
59
58
57
56
55
54
53
50
47
46
45
44
43
42
41
40
39
38
37
36
35
34
31
30
29
28
27
26
25
23
21
20
17
15
14
13
11
8
7
4
