200
199
198
197
196
195
194
193
191
190
189
188
187
186
185
184
183
182
181
180
178
177
175
174
170
168
167
165
164
163
162
161
159
158
157
156
154
152
151
150
149
148
146
145
143
142
141
140
139
138
137
134
132
128
127
126
125
124
121
119
118
117
116
115
114
113
112
111
110
109
107
106
103
102
101
100
98
97
96
95
94
93
92
91
90
89
88
85
84
82
81
80
77
76
75
74
73
72
71
70
69
65
64
61
60
59
58
57
56
55
53
52
51
50
49
46
45
44
42
41
40
39
38
35
34
33
32
31
30
29
28
27
22
20
19
18
17
16
15
14
13
12
11
10
9
6
5
4
3
