63
2
3
12
137
141
7
8
9
79
11
198
195
14
15
16
17
18
19
20
21
22
23
24
188
26
82
28
66
30
31
32
33
34
35
36
37
87
39
40
41
42
159
44
119
153
47
48
49
174
51
52
53
146
55
95
57
58
89
60
61
62
1
64
148
124
67
4
69
70
71
150
73
160
75
76
77
78
184
80
81
27
83
84
85
86
103
127
59
90
91
92
93
94
56
96
97
171
38
100
101
102
122
183
190
106
107
108
138
110
111
65
113
172
115
116
117
118
13
120
121
99
123
112
125
126
149
128
129
130
131
132
74
134
135
161
5
109
139
140
6
142
186
144
145
54
147
29
88
72
151
152
46
154
155
156
157
158
43
133
136
162
163
164
165
166
167
168
169
170
98
114
173
50
175
176
200
178
179
180
181
182
104
189
185
143
187
25
10
105
191
194
193
192
45
196
197
68
199
177
