1
2
117
4
180
111
7
8
9
10
11
77
13
14
15
16
88
5
19
20
21
22
23
24
25
76
27
28
29
30
31
32
33
34
35
12
37
38
39
40
41
160
43
36
45
156
47
48
49
50
83
52
167
54
55
73
57
146
59
60
61
116
63
64
65
66
67
68
69
70
71
72
56
113
75
26
44
78
79
172
81
82
155
131
85
86
87
17
89
90
91
92
97
94
128
96
150
98
99
100
101
102
84
178
105
106
107
108
118
110
6
112
74
114
115
62
3
109
126
120
121
122
123
124
125
119
127
95
129
130
103
132
133
134
135
136
137
138
139
168
141
159
143
144
145
58
147
148
149
93
158
152
161
154
51
46
157
151
142
42
153
162
163
164
165
166
53
140
169
170
171
80
173
174
175
176
177
104
179
18
