87
28
10
6
102
43
184
2
57
165
65
96
72
110
97
90
107
125
103
120
131
79
149
150
171
153
81
4
158
161
163
106
60
157
76
112
192
193
111
126
35
16
144
25
26
36
133
92
39
15
45
47
132
70
170
119
186
14
122
86
9
89
93
95
62
134
142
130
124
140
66
23
137
68
13
162
8
174
180
148
169
187
188
19
194
85
1
7
29
159
49
32
34
53
54
179
64
73
63
78
105
101
104
167
117
67
121
115
136
113
52
173
24
182
88
44
3
172
18
190
37
22
27
98
176
33
31
75
42
185
50
155
56
61
55
51
71
146
84
118
91
100
109
11
127
5
58
20
138
99
128
143
145
154
160
166
196
175
191
198
181
83
17
21
80
12
199
30
59
168
156
40
82
38
94
69
41
177
135
129
164
108
116
114
48
123
141
178
147
200
152
151
77
189
139
183
46
74
197
195
