166
156
33
119
134
54
192
13
12
149
62
82
81
198
195
103
126
177
26
80
86
2
11
197
47
79
151
5
157
153
111
76
46
59
56
21
34
49
48
186
164
90
159
193
3
182
55
23
73
30
64
108
143
16
131
179
18
128
146
20
65
92
141
27
148
4
191
117
38
93
61
161
8
42
176
133
7
147
114
125
101
100
116
36
190
32
70
94
178
124
168
98
122
6
41
173
25
121
180
19
185
188
89
152
39
24
106
104
87
52
194
167
78
184
66
144
165
189
91
37
15
63
181
155
95
136
135
169
77
174
51
99
130
72
171
112
107
84
113
57
175
138
187
68
58
71
183
154
200
