200
13
86
74
108
58
178
38
100
27
54
119
175
113
26
35
162
78
188
20
136
120
181
51
29
24
144
163
132
94
31
1
182
128
183
66
89
53
173
190
199
101
8
15
45
7
145
104
61
168
80
43
2
135
40
56
57
164
166
149
134
121
77
67
97
194
154
193
146
196
160
68
3
37
14
116
99
125
5
176
170
4
174
167
142
150
87
118
39
114
96
143
102
84
48
22
117
36
9
172
179
131
103
41
151
106
72
191
198
70
59
110
55
186
115
76
18
88
33
34
133
85
192
44
137
112
52
122
153
195
10
161
65
138
126
169
105
109
139
197
63
159
157
187
98
69
64
148
79
107
17
62
90
81
30
95
155
158
82
71
92
42
25
141
123
28
19
165
16
21
171
49
11
50
147
129
156
47
180
185
140
91
6
184
177
73
189
46
32
152
75
124
83
111
130
93
23
127
60
12
