18
21
146
135
42
71
67
86
17
34
165
117
64
156
153
1
61
60
38
150
56
97
84
127
170
2
40
39
48
128
120
98
62
145
136
129
148
143
30
63
72
89
126
82
134
5
54
55
107
27
110
111
108
11
23
122
95
101
77
46
130
102
83
74
36
113
119
76
105
147
12
96
155
37
91
137
73
16
29
144
157
15
151
100
123
139
10
3
152
104
160
163
124
103
133
53
20
14
50
58
32
26
112
93
125
80
51
140
35
162
47
106
88
75
7
159
99
92
81
33
141
66
6
109
28
78
52
115
114
87
138
166
94
44
43
69
41
24
142
49
68
70
31
25
45
13
19
57
158
132
149
116
118
154
90
161
121
131
65
