85
101
1
104
28
125
41
42
146
37
96
161
73
77
76
97
62
100
110
157
142
184
132
2
133
140
99
194
139
178
192
195
83
165
61
81
196
34
170
44
36
65
59
8
120
182
33
197
166
199
129
9
102
14
74
172
38
48
68
177
17
70
152
103
159
148
134
169
26
141
112
156
163
15
90
78
86
16
117
72
50
88
53
121
40
56
52
189
25
58
198
111
136
3
126
149
155
18
122
27
115
123
13
49
43
4
187
32
107
154
113
5
93
143
191
12
67
114
131
51
55
60
144
63
6
30
119
31
82
147
127
180
79
20
7
94
57
186
29
160
118
92
10
108
35
91
24
47
145
162
179
80
39
106
109
71
171
105
69
168
128
190
23
116
175
21
87
151
167
181
89
84
153
193
124
164
11
75
64
130
173
158
46
19
98
185
137
66
176
135
22
138
54
200
174
183
45
150
188
95
