150
143
90
151
183
74
84
64
23
17
96
78
14
172
101
79
68
181
21
191
120
106
176
88
3
182
97
196
159
94
139
193
118
103
93
161
200
86
121
72
28
26
140
137
41
174
153
146
20
179
58
125
154
87
186
60
170
49
195
152
123
12
169
33
44
168
175
34
135
36
27
119
192
6
24
105
163
4
160
61
167
194
124
89
189
126
71
100
85
7
110
199
63
83
77
40
95
129
45
35
111
166
19
185
2
31
164
29
80
16
104
43
55
165
38
8
141
22
173
39
47
99
178
18
180
59
75
54
62
128
73
184
187
112
42
13
98
11
67
197
177
147
133
9
138
171
134
188
155
122
50
10
25
131
52
158
190
48
5
144
107
66
76
113
46
156
127
142
157
92
132
32
37
56
108
145
69
1
148
65
116
30
57
53
117
162
109
51
15
82
115
198
81
149
136
130
102
70
91
114
