34
113
61
29
98
11
184
117
51
198
58
153
2
24
106
49
95
122
14
19
90
128
136
123
151
86
17
74
55
54
155
66
82
177
85
158
50
194
15
72
157
1
5
10
22
3
87
84
73
36
26
144
20
114
112
8
182
60
35
41
185
111
181
88
196
38
166
180
129
163
100
40
109
149
164
67
154
139
171
124
33
65
197
48
189
160
105
170
80
190
18
13
42
56
126
81
115
156
118
62
178
200
57
138
134
192
167
148
45
193
89
92
96
93
101
59
173
169
125
4
161
52
142
175
174
188
172
146
107
108
69
70
110
119
168
159
28
120
135
186
53
63
132
141
191
133
165
94
7
47
152
75
27
39
187
91
76
71
99
121
31
79
183
162
104
68
145
150
143
127
12
97
64
21
137
37
30
102
147
83
25
46
78
23
176
103
77
130
9
6
131
32
43
195
140
179
116
16
44
199
