188
110
38
71
18
181
143
46
116
151
100
15
186
115
3
123
169
19
145
55
33
11
5
17
97
199
131
7
76
106
12
51
130
146
35
113
60
66
187
175
94
74
98
105
73
68
149
44
164
134
154
40
141
107
6
197
153
173
174
112
156
152
64
72
128
184
196
67
30
168
85
104
192
144
133
8
91
96
114
48
119
103
99
161
129
172
127
102
88
4
34
182
22
171
150
185
148
27
167
120
183
79
176
178
191
138
136
59
109
163
25
86
78
10
158
53
193
122
21
82
16
75
121
50
142
52
137
140
147
101
32
132
61
155
198
70
125
36
37
2
65
56
57
26
54
139
111
124
159
118
42
1
165
31
29
13
162
117
23
170
84
200
45
49
194
126
28
93
83
177
39
14
87
189
24
108
41
92
89
20
9
157
80
180
43
135
190
77
160
195
95
81
69
47
166
63
90
58
62
179
